Hardware model detected: HUAWEI BOHK-WAX9X; UEFI mode: True
Processor model detected: AMD Ryzen 5 3500U with Radeon Vega Mobile Gfx
Memory statistics: 5758896 available out of 7038276 total installed
Could not detect virtual system: ['/usr/bin/systemd-detect-virt'] exited with abnormal exit code [256]: b'none\r\n'
System is not running in a VM: ['/usr/bin/systemd-detect-virt'] exited with abnormal exit code [256]: b'none\r\n'
Virtualization detected: None; is VM: None
Graphics devices detected: dict_keys(['Advanced Micro Devices, Inc. [AMD/ATI] Picasso/Raven 2 [Radeon Vega Series / Radeon Vega Mobile Series] (rev c2)'])
Disk states before installing: {'blockdevices': [{'name': 'loop0', 'fstype': 'squashfs', 'fsver': '4.0', 'label': None, 'uuid': None, 'fsavail': '0', 'fsuse%': '100%', 'mountpoints': ['/run/archiso/airootfs'], 'type': 'loop', 'size': '710.1M'}, {'name': 'sda', 'fstype': 'iso9660', 'fsver': 'Joliet Extension', 'label': 'ARCH_202302', 'uuid': '2023-02-01-09-09-31-00', 'fsavail': None, 'fsuse%': None, 'mountpoints': [None], 'type': 'disk', 'size': '7.3G', 'children': [{'name': 'sda1', 'fstype': 'iso9660', 'fsver': 'Joliet Extension', 'label': 'ARCH_202302', 'uuid': '2023-02-01-09-09-31-00', 'fsavail': None, 'fsuse%': None, 'mountpoints': [None], 'type': 'part', 'size': '809M'}, {'name': 'sda2', 'fstype': 'vfat', 'fsver': 'FAT16', 'label': 'ARCHISO_EFI', 'uuid': 'CA18-653E', 'fsavail': None, 'fsuse%': None, 'mountpoints': [None], 'type': 'part', 'size': '15M'}]}, {'name': 'nvme0n1', 'fstype': None, 'fsver': None, 'label': None, 'uuid': None, 'fsavail': None, 'fsuse%': None, 'mountpoints': [None], 'type': 'disk', 'size': '238.5G', 'children': [{'name': 'nvme0n1p1', 'fstype': 'vfat', 'fsver': 'FAT32', 'label': None, 'uuid': '2372-D712', 'fsavail': None, 'fsuse%': None, 'mountpoints': [None], 'type': 'part', 'size': '499M'}, {'name': 'nvme0n1p2', 'fstype': 'swap', 'fsver': '1', 'label': None, 'uuid': '6f526f24-cafc-43d9-81df-f51d50f3f14f', 'fsavail': None, 'fsuse%': None, 'mountpoints': [None], 'type': 'part', 'size': '2G'}, {'name': 'nvme0n1p3', 'fstype': 'ext4', 'fsver': '1.0', 'label': None, 'uuid': 'cd5e4eec-828c-4402-8b79-ad457bcea7da', 'fsavail': None, 'fsuse%': None, 'mountpoints': [None], 'type': 'part', 'size': '236G'}]}]}
Testing connectivity to the Arch Linux mirrors ...
Setting font: LatGrkCyr-8x16
Could not decode JSON: lsblk: /dev/sda1: not a block device
{
   "blockdevices": [

   ]
}

Hardware model detected: HUAWEI BOHK-WAX9X; UEFI mode: True
Processor model detected: AMD Ryzen 5 3500U with Radeon Vega Mobile Gfx
Memory statistics: 5756096 available out of 7038276 total installed
Could not detect virtual system: ['/usr/bin/systemd-detect-virt'] exited with abnormal exit code [256]: b'none\r\n'
System is not running in a VM: ['/usr/bin/systemd-detect-virt'] exited with abnormal exit code [256]: b'none\r\n'
Virtualization detected: None; is VM: None
Graphics devices detected: dict_keys(['Advanced Micro Devices, Inc. [AMD/ATI] Picasso/Raven 2 [Radeon Vega Series / Radeon Vega Mobile Series] (rev c2)'])
Disk states before installing: {'blockdevices': [{'name': 'loop0', 'fstype': 'squashfs', 'fsver': '4.0', 'label': None, 'uuid': None, 'fsavail': '0', 'fsuse%': '100%', 'mountpoints': ['/run/archiso/airootfs'], 'type': 'loop', 'size': '710.1M'}, {'name': 'nvme0n1', 'fstype': None, 'fsver': None, 'label': None, 'uuid': None, 'fsavail': None, 'fsuse%': None, 'mountpoints': [None], 'type': 'disk', 'size': '238.5G', 'children': [{'name': 'nvme0n1p1', 'fstype': 'vfat', 'fsver': 'FAT32', 'label': None, 'uuid': '2372-D712', 'fsavail': None, 'fsuse%': None, 'mountpoints': [None], 'type': 'part', 'size': '499M'}, {'name': 'nvme0n1p2', 'fstype': 'swap', 'fsver': '1', 'label': None, 'uuid': '6f526f24-cafc-43d9-81df-f51d50f3f14f', 'fsavail': None, 'fsuse%': None, 'mountpoints': [None], 'type': 'part', 'size': '2G'}, {'name': 'nvme0n1p3', 'fstype': 'ext4', 'fsver': '1.0', 'label': None, 'uuid': 'cd5e4eec-828c-4402-8b79-ad457bcea7da', 'fsavail': None, 'fsuse%': None, 'mountpoints': [None], 'type': 'part', 'size': '236G'}]}]}
Testing connectivity to the Arch Linux mirrors ...
Setting font: LatGrkCyr-8x16
Password strength: discreto
Password strength: discreto
Some packages could not be found in the repository: ['neovin']
Directory non valida: /home/mario
Directory non valida: ls
Directory non valida: root/home
Directory non valida: /root/home
 -- Chosen configuration --
{
    "HSM": null,
    "__separator__": null,
    "additional-repositories": [
        "multilib"
    ],
    "archinstall-language": "Italian",
    "audio": "pulseaudio",
    "bootloader": "grub-install",
    "config_version": "2.5.1",
    "debug": false,
    "desktop-environment": "gnome",
    "gfx_driver": "AMD / ATI (open-source)",
    "harddrives": [
        "/dev/nvme0n1"
    ],
    "hostname": "mario",
    "kernels": [
        "linux"
    ],
    "keyboard-layout": "it",
    "mirror-region": {},
    "nic": {
        "dhcp": true,
        "dns": null,
        "gateway": null,
        "iface": null,
        "ip": null,
        "type": "nm"
    },
    "no_pkg_lookups": false,
    "ntp": true,
    "offline": false,
    "packages": [
        "neovim",
        "tlp",
        "nano",
        "neofetch",
        "fish",
        "alacritty",
        "iwd",
        "ranger",
        "gcc",
        "valgrind",
        "htop",
        "wpa-supplicant",
        "ntfs-3g",
        "snapd",
        "gdb",
        "timeshift",
        "tldr"

    ],
    "parallel downloads": 0,
    "profile": {
        "path": "/usr/lib/python3.10/site-packages/archinstall/profiles/desktop.py"
    },
    "save_config": null,
    "script": "guided",
    "silent": false,
    "swap": true,
    "sys-encoding": "UTF-8",
    "sys-language": "it_IT.UTF-8",
    "timezone": "Europe/Rome",
    "version": "2.5.1"
}
{
    "/dev/nvme0n1": {
        "partitions": [
            {
                "boot": true,
                "encrypted": false,
                "filesystem": {
                    "format": "fat32"
                },
                "mountpoint": "/boot",
                "size": "512MiB",
                "start": "1MiB",
                "type": "primary",
                "wipe": true
            },
            {
                "encrypted": false,
                "filesystem": {
                    "format": "ext4",
                    "mount_options": []
                },
                "mountpoint": "/",
                "size": "100%",
                "start": "513MiB",
                "type": "primary",
                "wipe": true
            }
        ],
        "wipe": true
    }
}
Creating a new partition label on /dev/nvme0n1
Adding partition to BlockDevice(/dev/nvme0n1, size=238.5GB, free_space=1031kB+335kB, bus_type=nvme), 1MiB->512MiB
Adding partition using the following parted command: /dev/nvme0n1 mkpart primary fat32 1MiB 512MiB
Retrieving partition PARTUUID=6c12baa6-1c50-4f34-a0fa-31538a1fc17b or UUID=None
Matched PARTUUID=6c12baa6-1c50-4f34-a0fa-31538a1fc17b against 6c12baa6-1c50-4f34-a0fa-31538a1fc17b
Formatting /dev/nvme0n1p1 -> vfat
/usr/bin/mkfs.vfat -F32 /dev/nvme0n1p1
Marking partition Partition(path=/dev/nvme0n1p1, size=0.5, PARTUUID=6c12baa6-1c50-4f34-a0fa-31538a1fc17b, fs=vfat) as bootable.
Setting boot on on (parted) partition index 1
Adding partition to BlockDevice(/dev/nvme0n1, size=238.5GB, free_space=1031kB+335kB, bus_type=nvme), 513MiB->100%
Adding partition using the following parted command: /dev/nvme0n1 mkpart primary ext4 513MiB 100%
Retrieving partition PARTUUID=eabba64c-8790-4621-aece-6aae0d849c4e or UUID=None
Matched PARTUUID=eabba64c-8790-4621-aece-6aae0d849c4e against eabba64c-8790-4621-aece-6aae0d849c4e
Formatting /dev/nvme0n1p2 -> ext4
Mounting / to /mnt/archinstall/ using Partition(path=/dev/nvme0n1p2, size=238.0, PARTUUID=eabba64c-8790-4621-aece-6aae0d849c4e, fs=ext4)
Mounting /boot to /mnt/archinstall/boot using Partition(path=/dev/nvme0n1p1, size=0.5, PARTUUID=6c12baa6-1c50-4f34-a0fa-31538a1fc17b, fs=vfat)
Using mount order: [('/', <function Installer.mount_ordered_layout.<locals>.<lambda> at 0x7fb02cc93400>), ('/boot', <function Installer.mount_ordered_layout.<locals>.<lambda> at 0x7fb02cc93490>)]
Mounting Partition(path=/dev/nvme0n1p2, size=238.0, PARTUUID=eabba64c-8790-4621-aece-6aae0d849c4e, fs=ext4) to /mnt/archinstall/
Getting mount information for device path /mnt/archinstall
Mounting Partition(path=/dev/nvme0n1p1, size=0.5, PARTUUID=6c12baa6-1c50-4f34-a0fa-31538a1fc17b, fs=vfat) to /mnt/archinstall/boot
Getting mount information for device path /mnt/archinstall/boot
Filtering available mounts {PosixPath('/mnt/archinstall/boot'): Partition(path=/dev/nvme0n1p1, size=0.5, PARTUUID=6c12baa6-1c50-4f34-a0fa-31538a1fc17b, fs=vfat, mounted=/mnt/archinstall/boot), PosixPath('/mnt/archinstall'): Partition(path=/dev/nvme0n1p2, size=238.0, PARTUUID=eabba64c-8790-4621-aece-6aae0d849c4e, fs=ext4, mounted=/mnt/archinstall)} to those under /mnt/archinstall
Available partitions: {PosixPath('/mnt/archinstall'): Partition(path=/dev/nvme0n1p2, size=238.0, PARTUUID=eabba64c-8790-4621-aece-6aae0d849c4e, fs=ext4, mounted=/mnt/archinstall), PosixPath('/mnt/archinstall/boot'): Partition(path=/dev/nvme0n1p1, size=0.5, PARTUUID=6c12baa6-1c50-4f34-a0fa-31538a1fc17b, fs=vfat, mounted=/mnt/archinstall/boot)}
Waiting for automatic mirror selection (reflector) to complete.
Filtering available mounts {PosixPath('/mnt/archinstall/boot'): Partition(path=/dev/nvme0n1p1, size=0.5, PARTUUID=6c12baa6-1c50-4f34-a0fa-31538a1fc17b, fs=vfat, mounted=/mnt/archinstall/boot), PosixPath('/mnt/archinstall'): Partition(path=/dev/nvme0n1p2, size=238.0, PARTUUID=eabba64c-8790-4621-aece-6aae0d849c4e, fs=ext4, mounted=/mnt/archinstall)} to those under /mnt/archinstall
Available partitions: {PosixPath('/mnt/archinstall'): Partition(path=/dev/nvme0n1p2, size=238.0, PARTUUID=eabba64c-8790-4621-aece-6aae0d849c4e, fs=ext4, mounted=/mnt/archinstall), PosixPath('/mnt/archinstall/boot'): Partition(path=/dev/nvme0n1p1, size=0.5, PARTUUID=6c12baa6-1c50-4f34-a0fa-31538a1fc17b, fs=vfat, mounted=/mnt/archinstall/boot)}
System is not running in a VM: ['/usr/bin/systemd-detect-virt'] exited with abnormal exit code [256]: b'none\r\n'
The multilib flag is set. This system will be installed with the multilib repository enabled.
The testing flag is not set. This system will be installed without testing repositories enabled.
Installing packages: ['base', 'base-devel', 'linux-firmware', 'linux', 'amd-ucode']
Enabling periodic TRIM
Enabling service fstrim.timer
Setting up swap on zram
Installing packages: ('zram-generator',)
Enabling service systemd-zram-setup@zram0.service
Installing packages: ('grub',)
Filtering available mounts {PosixPath('/mnt/archinstall/boot'): Partition(path=/dev/nvme0n1p1, size=0.5, PARTUUID=6c12baa6-1c50-4f34-a0fa-31538a1fc17b, fs=vfat, mounted=/mnt/archinstall/boot), PosixPath('/mnt/archinstall'): Partition(path=/dev/nvme0n1p2, size=238.0, PARTUUID=eabba64c-8790-4621-aece-6aae0d849c4e, fs=ext4, mounted=/mnt/archinstall)} to those under /mnt/archinstall
Available partitions: {PosixPath('/mnt/archinstall'): Partition(path=/dev/nvme0n1p2, size=238.0, PARTUUID=eabba64c-8790-4621-aece-6aae0d849c4e, fs=ext4, mounted=/mnt/archinstall), PosixPath('/mnt/archinstall/boot'): Partition(path=/dev/nvme0n1p1, size=0.5, PARTUUID=6c12baa6-1c50-4f34-a0fa-31538a1fc17b, fs=vfat, mounted=/mnt/archinstall/boot)}
Adding bootloader grub-install to Partition(path=/dev/nvme0n1p1, size=0.5, PARTUUID=6c12baa6-1c50-4f34-a0fa-31538a1fc17b, fs=vfat, mounted=/mnt/archinstall/boot)
Installing packages: ('grub',)
GRUB uses /dev/nvme0n1p1 as the boot partition.
Installing packages: ('efibootmgr',)
Installing packages: ['networkmanager']
Installing packages: ['network-manager-applet']
Enabling service NetworkManager.service
This audio server will be used: pulseaudio
Installing packages: ('pulseaudio',)
Installing packages: ['neovim', 'tlp', 'nano', 'neofetch', 'fish', 'alacritty', 'iwd']
Installing archinstall profile Profile(desktop)
Installing packages: ['nano', 'vim', 'openssh', 'htop', 'wget', 'iwd', 'wireless_tools', 'wpa_supplicant', 'smartmontools', 'xdg-utils']
Installing archinstall profile Profile(gnome)
Installing archinstall profile Profile(xorg)
Installing packages: ('xorg-server', 'xorg-xinit', 'mesa', 'xf86-video-amdgpu', 'xf86-video-ati', 'libva-mesa-driver', 'vulkan-radeon')
Installing packages: ['gnome', 'gnome-tweaks', 'gdm']
Enabling service gdm
Creating user mario
Setting password for mario
Enabling sudo permissions for mario.
Activating systemd-timesyncd for time synchronization using Arch Linux and ntp.org NTP servers.
Enabling service systemd-timesyncd
Setting password for root
Setting keyboard language to it
Keyboard language for this installation is now set to: it
Updating /mnt/archinstall/etc/fstab
For post-installation tips, see https://wiki.archlinux.org/index.php/Installation_guide#Post-installation
Installation completed without any errors. You may now reboot.
