2023-02-23T13:54:51.187Z - info: [ui] [AppStore] loading 1 repositories from store
2023-02-23T13:54:51.196Z - info: [ui] [AppStore] found account: mariostabile1 (mariostabile1)
2023-02-23T13:54:51.750Z - info: [ui] launching: 3.1.7-linux1 (Linux 6.1.12-arch1-1)
2023-02-23T13:54:51.751Z - info: [ui] execPath: '/opt/github-desktop/github-desktop'
2023-02-23T13:54:53.567Z - info: [ui] Subscribed 'mariostabile1' to Alive channel
2023-02-23T13:54:53.911Z - info: [ui] Stats reported.
2023-02-23T13:55:01.349Z - info: [ui] Executing fetch: git -c credential.helper= fetch --progress --prune --recurse-submodules=on-demand origin (took 1.811s)
2023-02-23T13:55:02.937Z - info: [ui] Executing updateRemoteHEAD: git -c credential.helper= remote set-head -a origin (took 1.587s)
2023-02-23T13:55:44.339Z - info: [ui] [Timing] Action 'create commit' for 'mariostabile1/Universita' took 1.085s
2023-02-23T13:55:49.459Z - info: [ui] [AppStore.withAuthenticatingUser] account found for repository: Universita - mariostabile1 (has token)
2023-02-23T13:56:27.429Z - info: [ui] Executing push: git -c credential.helper= push origin main:main --progress (took 37.954s)
2023-02-23T13:56:30.934Z - info: [ui] Executing fetch: git -c credential.helper= fetch --progress --prune --recurse-submodules=on-demand origin (took 3.485s)
2023-02-23T13:56:32.441Z - info: [ui] Executing updateRemoteHEAD: git -c credential.helper= remote set-head -a origin (took 1.504s)
2023-02-23T14:00:18.285Z - info: [ui] [AppStore.getAccountForRemoteURL] account found for remote: https://github.com/mariostabile1/Linux.git - mariostabile1 (has token)
2023-02-23T14:00:20.337Z - info: [ui] Executing clone: git -c credential.helper= -c init.defaultBranch=main clone --recursive --progress -- https://github.com/mariostabile1/Linux.git /home/mario/GitHub/Linux (took 2.043s)
2023-02-23T14:00:20.347Z - info: [ui] [AppStore] adding repository at /home/mario/GitHub/Linux to store
2023-02-23T14:00:20.552Z - info: [ui] [BranchPruner] Last prune took place 5 minutes ago - skipping
2023-02-23T14:00:20.998Z - info: [ui] [BranchPruner] No branches to prune.
2023-02-23T14:03:30.165Z - info: [ui] [Timing] Action 'create commit' for 'mariostabile1/Linux' took 1.532s
2023-02-23T14:03:58.551Z - info: [main] opening in browser: https://help.github.com/articles/versioning-large-files/
2023-02-23T14:05:19.960Z - info: [ui] [Timing] Action 'create commit' for 'mariostabile1/Linux' took 0.578s
2023-02-23T14:05:23.487Z - info: [ui] [AppStore.withAuthenticatingUser] account found for repository: Linux - mariostabile1 (has token)
2023-02-23T14:05:24.860Z - info: [ui] Executing push: git -c credential.helper= push origin main:main --progress (took 1.349s)
2023-02-23T14:05:25.947Z - info: [ui] Executing fetch: git -c credential.helper= fetch --progress --prune --recurse-submodules=on-demand origin (took 1.084s)
2023-02-23T14:05:27.383Z - info: [ui] Executing updateRemoteHEAD: git -c credential.helper= remote set-head -a origin (took 1.434s)
2023-02-23T14:05:53.680Z - info: [ui] [Timing] Action 'create commit' for 'mariostabile1/Linux' took 0.541s
2023-02-23T14:05:56.890Z - info: [ui] [AppStore.withAuthenticatingUser] account found for repository: Linux - mariostabile1 (has token)
2023-02-23T14:05:58.174Z - info: [ui] Executing push: git -c credential.helper= push origin main:main --progress (took 1.265s)
2023-02-23T14:05:59.609Z - info: [ui] Executing fetch: git -c credential.helper= fetch --progress --prune --recurse-submodules=on-demand origin (took 1.433s)
2023-02-23T14:06:00.735Z - info: [ui] Executing updateRemoteHEAD: git -c credential.helper= remote set-head -a origin (took 1.125s)
2023-02-23T14:06:28.808Z - info: [ui] [Timing] Action 'create commit' for 'mariostabile1/Linux' took 0.603s
2023-02-23T14:06:32.861Z - info: [ui] [AppStore.withAuthenticatingUser] account found for repository: Linux - mariostabile1 (has token)
2023-02-23T14:06:37.611Z - info: [ui] Executing push: git -c credential.helper= push origin main:main --progress (took 4.728s)
2023-02-23T14:06:40.313Z - info: [ui] Executing fetch: git -c credential.helper= fetch --progress --prune --recurse-submodules=on-demand origin (took 2.687s)
2023-02-23T14:06:41.493Z - info: [ui] Executing updateRemoteHEAD: git -c credential.helper= remote set-head -a origin (took 1.178s)
2023-02-23T14:11:25.952Z - info: [ui] [Timing] Action 'create commit' for 'mariostabile1/Linux' took 0.157s
2023-02-23T14:12:55.970Z - info: [ui] [Timing] Action 'create commit' for 'mariostabile1/Linux' took 0.324s
2023-02-23T14:13:02.606Z - info: [ui] [AppStore.withAuthenticatingUser] account found for repository: Linux - mariostabile1 (has token)
2023-02-23T14:13:11.175Z - info: [ui] Executing push: git -c credential.helper= push origin main:main --progress (took 8.546s)
2023-02-23T14:13:12.242Z - info: [ui] Executing fetch: git -c credential.helper= fetch --progress --prune --recurse-submodules=on-demand origin (took 1.065s)
2023-02-23T14:14:33.129Z - info: [ui] [Timing] Action 'create commit' for 'mariostabile1/Linux' took 0.179s
2023-02-23T14:14:35.252Z - info: [ui] [AppStore.withAuthenticatingUser] account found for repository: Linux - mariostabile1 (has token)
2023-02-23T14:14:36.971Z - info: [ui] Executing push: git -c credential.helper= push origin main:main --progress (took 1.709s)
2023-02-23T14:19:38.241Z - info: [ui] [AppStore] loading 2 repositories from store
2023-02-23T14:19:38.251Z - info: [ui] [AppStore] found account: mariostabile1 (mariostabile1)
2023-02-23T14:19:38.311Z - info: [ui] [BranchPruner] Last prune took place 19 minutes ago - skipping
2023-02-23T14:19:38.968Z - info: [ui] launching: 3.1.7-linux1 (Linux 6.1.12-arch1-1)
2023-02-23T14:19:38.969Z - info: [ui] execPath: '/opt/github-desktop/github-desktop'
2023-02-23T14:19:42.784Z - info: [ui] Subscribed 'mariostabile1' to Alive channel
2023-02-23T14:19:46.400Z - info: [ui] [Timing] Action 'create commit' for 'mariostabile1/Linux' took 0.126s
2023-02-23T14:19:48.941Z - info: [ui] [AppStore.withAuthenticatingUser] account found for repository: Linux - mariostabile1 (has token)
2023-02-23T14:19:51.314Z - info: [ui] Executing push: git -c credential.helper= push origin main:main --progress (took 2.366s)
2023-02-23T14:19:53.404Z - info: [ui] Executing fetch: git -c credential.helper= fetch --progress --prune --recurse-submodules=on-demand origin (took 2.087s)
2023-02-23T14:19:56.925Z - info: [ui] Executing updateRemoteHEAD: git -c credential.helper= remote set-head -a origin (took 3.519s)
