00:00:00.422091 VirtualBox GUI VM Selector Window 7.0.6 r155176 linux.amd64 (Feb 22 2023 15:36:54) release log
00:00:00.422093 Log opened 2023-03-13T13:55:20.094698000Z
00:00:00.422094 Build Type: release
00:00:00.422096 OS Product: Linux
00:00:00.422097 OS Release: 6.2.5-arch1-1
00:00:00.422098 OS Version: #1 SMP PREEMPT_DYNAMIC Sat, 11 Mar 2023 14:28:13 +0000
00:00:00.422128 DMI Product Name: BOHK-WAX9X
00:00:00.422139 DMI Product Version: M1040
00:00:00.422145 Firmware type: UEFI
00:00:00.422396 Secure Boot: Disabled
00:00:00.422456 Host RAM: 6872MB (6.7GB) total, 4682MB (4.5GB) available
00:00:00.422460 Executable: /usr/lib/virtualbox/VirtualBox
00:00:00.422460 Process ID: 21252
00:00:00.422461 Package type: LINUX_64BITS_GENERIC (OSE)
00:00:00.422525 Qt version: 5.15.8
00:00:00.423440 GUI: UIMediumEnumerator: Initial medium-enumeration finished!
00:00:00.427882 GUI: UIMediumEnumerator: Medium-enumeration started...
00:00:00.427913 GUI: UIMediumEnumerator: Medium-enumeration finished!
00:00:01.146275 GUI: UIDesktopWidgetWatchdog::sltHandleHostScreenAvailableGeometryCalculated: Screen 0 work area is actually resized to: 0x31 x 1920x1049
00:01:24.065856 GUI: UIMediumEnumerator: Medium-enumeration finished!
00:01:24.123072 GUI: UIMediumEnumerator: Medium-enumeration finished!
00:01:33.187191 GUI: UIMediumEnumerator: Medium-enumeration finished!
00:01:36.071339 GUI: UIMediumEnumerator: Medium-enumeration finished!
00:01:44.052897 GUI: UIMediumEnumerator: Medium-enumeration finished!
00:03:51.488773 GUI: UIMediumEnumerator: Medium-enumeration finished!
00:03:54.391362 GUI: UIMediumEnumerator: Medium-enumeration finished!
00:04:02.290299 GUI: UIMediumEnumerator: Medium-enumeration finished!
00:04:02.326479 GUI: UIMediumEnumerator: Medium-enumeration finished!
00:04:02.773691 GUI: UIMediumEnumerator: Medium-enumeration finished!
00:04:09.903430 GUI: UIMediumEnumerator: Medium-enumeration finished!
00:05:37.036450 GUI: UIMediumEnumerator: Medium with key={{ae303e35-6e28-4671-9ba7-37e3fefe9ce0}} created
00:05:37.159072 GUI: UIMediumEnumerator: Medium-enumeration finished!
00:05:40.366358 GUI: UIMediumEnumerator: Medium-enumeration finished!
00:05:44.148438 GUI: UIMediumEnumerator: Medium-enumeration finished!
00:11:24.675800 GUI: UIMediumEnumerator: Medium-enumeration finished!
00:11:28.689766 GUI: UICommon: Handling aboutToQuit request..
00:11:29.203667 GUI: UICommon: aboutToQuit request handled!
